<?xml version="1.0" encoding="UTF-8"?>
<testng-results ignored="0" total="0" passed="0" failed="0" skipped="0">
  <reporter-output>
  </reporter-output>
  <suite started-at="2022-09-29T19:55:55 TRT" name="BaseTest" finished-at="2022-09-29T19:55:55 TRT" duration-ms="67">
    <groups>
    </groups>
    <test started-at="2022-09-29T19:55:55 TRT" name="Command line test" finished-at="2022-09-29T19:55:55 TRT" duration-ms="67">
      <class name="BaseTest">
        <test-method is-config="true" signature="setUp()[pri:0, instance:BaseTest@37574691]" started-at="2022-09-29T19:55:52 TRT" name="setUp" finished-at="2022-09-29T19:55:55 TRT" duration-ms="2661" status="PASS">
          <reporter-output>
          </reporter-output>
        </test-method> <!-- setUp -->
        <test-method is-config="true" signature="tearDown()[pri:0, instance:BaseTest@37574691]" started-at="2022-09-29T19:55:55 TRT" name="tearDown" finished-at="2022-09-29T19:55:55 TRT" duration-ms="110" status="PASS">
          <reporter-output>
          </reporter-output>
        </test-method> <!-- tearDown -->
      </class> <!-- BaseTest -->
    </test> <!-- Command line test -->
  </suite> <!-- BaseTest -->
</testng-results>
